021/12/21 04:31:47 [notice] 1#1: nginx/1.21.3
2021/12/21 04:31:47 [notice] 1#1: built by gcc 8.3.0 (Debian 8.3.0-6) 
2021/12/21 04:31:47 [notice] 1#1: OS: Linux 5.4.0-91-generic
2021/12/21 04:31:47 [notice] 1#1: getrlimit(RLIMIT_NOFILE): 1048576:1048576
2021/12/21 04:31:47 [notice] 1#1: start worker processes
2021/12/21 04:31:47 [notice] 1#1: start worker process 25
2021/12/21 04:31:47 [notice] 1#1: start worker process 26
2021/12/21 04:31:47 [notice] 1#1: start worker process 27
2021/12/21 04:31:47 [notice] 1#1: start worker process 28
2021/12/21 12:28:37 [error] 25#25: *2 open() "/usr/share/nginx/html/favicon.ico" failed (2: No such file or directory), client: 192.168.16.1, server: localhost, request: "GET /favicon.ico HTTP/1.1", host: "localhost", referrer: "http://localhost/"
2021/12/21 17:50:10 [notice] 1#1: signal 3 (SIGQUIT) received, shutting down
2021/12/21 17:50:10 [notice] 25#25: gracefully shutting down
2021/12/21 17:50:10 [notice] 25#25: exiting
2021/12/21 17:50:10 [notice] 27#27: gracefully shutting down
2021/12/21 17:50:10 [notice] 27#27: exiting
2021/12/21 17:50:10 [notice] 28#28: gracefully shutting down
2021/12/21 17:50:10 [notice] 28#28: exiting
2021/12/21 17:50:10 [notice] 26#26: gracefully shutting down
2021/12/21 17:50:10 [notice] 26#26: exiting
2021/12/21 17:50:10 [notice] 25#25: exit
2021/12/21 17:50:10 [notice] 28#28: exit
2021/12/21 17:50:10 [notice] 27#27: exit
2021/12/21 17:50:10 [notice] 26#26: exit
2021/12/21 17:50:10 [notice] 1#1: signal 17 (SIGCHLD) received from 27
2021/12/21 17:50:10 [notice] 1#1: worker process 27 exited with code 0
2021/12/21 17:50:10 [notice] 1#1: signal 29 (SIGIO) received
2021/12/21 17:50:10 [notice] 1#1: signal 17 (SIGCHLD) received from 26
2021/12/21 17:50:10 [notice] 1#1: worker process 26 exited with code 0
2021/12/21 17:50:10 [notice] 1#1: signal 29 (SIGIO) received
2021/12/21 17:50:10 [notice] 1#1: signal 17 (SIGCHLD) received from 25
2021/12/21 17:50:10 [notice] 1#1: worker process 25 exited with code 0
2021/12/21 17:50:10 [notice] 1#1: signal 29 (SIGIO) received
2021/12/21 17:50:10 [notice] 1#1: signal 17 (SIGCHLD) received from 28
2021/12/21 17:50:10 [notice] 1#1: worker process 28 exited with code 0
2021/12/21 17:50:10 [notice] 1#1: exit
2021/12/22 06:11:43 [notice] 1#1: using the "epoll" event method
2021/12/22 06:11:43 [notice] 1#1: nginx/1.21.3
2021/12/22 06:11:43 [notice] 1#1: built by gcc 8.3.0 (Debian 8.3.0-6) 
2021/12/22 06:11:43 [notice] 1#1: OS: Linux 5.4.0-91-generic
2021/12/22 06:11:43 [notice] 1#1: getrlimit(RLIMIT_NOFILE): 1048576:1048576
2021/12/22 06:11:43 [notice] 1#1: start worker processes
2021/12/22 06:11:43 [notice] 1#1: start worker process 24
2021/12/22 06:11:43 [notice] 1#1: start worker process 25
2021/12/22 06:11:43 [notice] 1#1: start worker process 26
2021/12/22 06:11:43 [notice] 1#1: start worker process 27
2021/12/22 11:18:21 [notice] 1#1: signal 3 (SIGQUIT) received, shutting down
2021/12/22 11:18:21 [notice] 25#25: gracefully shutting down
2021/12/22 11:18:21 [notice] 26#26: gracefully shutting down
2021/12/22 11:18:21 [notice] 27#27: gracefully shutting down
2021/12/22 11:18:21 [notice] 26#26: exiting
2021/12/22 11:18:21 [notice] 25#25: exiting
2021/12/22 11:18:21 [notice] 27#27: exiting
2021/12/22 11:18:21 [notice] 24#24: gracefully shutting down
2021/12/22 11:18:21 [notice] 25#25: exit
2021/12/22 11:18:21 [notice] 26#26: exit
2021/12/22 11:18:21 [notice] 24#24: exiting
2021/12/22 11:18:21 [notice] 24#24: exit
2021/12/22 11:18:21 [notice] 27#27: exit
2021/12/22 11:18:21 [notice] 1#1: signal 17 (SIGCHLD) received from 26
2021/12/22 11:18:21 [notice] 1#1: worker process 25 exited with code 0
2021/12/22 11:18:21 [notice] 1#1: worker process 24 exited with code 0
2021/12/22 11:18:21 [notice] 1#1: worker process 26 exited with code 0
2021/12/22 11:18:21 [notice] 1#1: worker process 27 exited with code 0
2021/12/22 11:18:21 [notice] 1#1: exit
